[11-Jun-2024 07:46:03 UTC] PHP Warning:  Undefined array key 1 in C:\Users\Zaavia\Local Sites\online-store\app\public\wp-content\plugins\astra-sites\inc\lib\zipwp-images\classes\zipwp-images-api.php on line 473
[11-Jun-2024 07:46:03 UTC] PHP Warning:  Undefined array key 1 in C:\Users\Zaavia\Local Sites\online-store\app\public\wp-content\plugins\astra-sites\inc\lib\zipwp-images\classes\zipwp-images-api.php on line 473
[11-Jun-2024 07:46:03 UTC] PHP Warning:  Undefined array key 1 in C:\Users\Zaavia\Local Sites\online-store\app\public\wp-content\plugins\astra-sites\inc\lib\zipwp-images\classes\zipwp-images-api.php on line 473
[11-Jun-2024 07:46:03 UTC] PHP Warning:  Undefined array key 1 in C:\Users\Zaavia\Local Sites\online-store\app\public\wp-content\plugins\astra-sites\inc\lib\zipwp-images\classes\zipwp-images-api.php on line 473
[11-Jun-2024 07:46:03 UTC] PHP Warning:  Undefined array key 1 in C:\Users\Zaavia\Local Sites\online-store\app\public\wp-content\plugins\astra-sites\inc\lib\zipwp-images\classes\zipwp-images-api.php on line 473
[11-Jun-2024 07:46:03 UTC] PHP Warning:  Undefined array key 1 in C:\Users\Zaavia\Local Sites\online-store\app\public\wp-content\plugins\astra-sites\inc\lib\zipwp-images\classes\zipwp-images-api.php on line 473
[11-Jun-2024 07:46:03 UTC] PHP Warning:  Undefined array key 1 in C:\Users\Zaavia\Local Sites\online-store\app\public\wp-content\plugins\astra-sites\inc\lib\zipwp-images\classes\zipwp-images-api.php on line 473
[11-Jun-2024 07:46:03 UTC] PHP Warning:  Undefined array key 1 in C:\Users\Zaavia\Local Sites\online-store\app\public\wp-content\plugins\astra-sites\inc\lib\zipwp-images\classes\zipwp-images-api.php on line 473
[11-Jun-2024 07:46:03 UTC] PHP Warning:  Undefined array key 1 in C:\Users\Zaavia\Local Sites\online-store\app\public\wp-content\plugins\astra-sites\inc\lib\zipwp-images\classes\zipwp-images-api.php on line 473
[11-Jun-2024 07:46:03 UTC] PHP Warning:  Undefined array key 1 in C:\Users\Zaavia\Local Sites\online-store\app\public\wp-content\plugins\astra-sites\inc\lib\zipwp-images\classes\zipwp-images-api.php on line 473
[11-Jun-2024 07:46:03 UTC] PHP Warning:  Undefined array key 1 in C:\Users\Zaavia\Local Sites\online-store\app\public\wp-content\plugins\astra-sites\inc\lib\zipwp-images\classes\zipwp-images-api.php on line 473
[11-Jun-2024 07:46:03 UTC] PHP Warning:  Undefined array key 1 in C:\Users\Zaavia\Local Sites\online-store\app\public\wp-content\plugins\astra-sites\inc\lib\zipwp-images\classes\zipwp-images-api.php on line 473
[11-Jun-2024 07:46:03 UTC] PHP Warning:  Undefined array key 1 in C:\Users\Zaavia\Local Sites\online-store\app\public\wp-content\plugins\astra-sites\inc\lib\zipwp-images\classes\zipwp-images-api.php on line 473
[11-Jun-2024 07:46:03 UTC] PHP Warning:  Undefined array key 1 in C:\Users\Zaavia\Local Sites\online-store\app\public\wp-content\plugins\astra-sites\inc\lib\zipwp-images\classes\zipwp-images-api.php on line 473
[11-Jun-2024 07:46:03 UTC] PHP Warning:  Undefined array key 1 in C:\Users\Zaavia\Local Sites\online-store\app\public\wp-content\plugins\astra-sites\inc\lib\zipwp-images\classes\zipwp-images-api.php on line 473
[11-Jun-2024 07:46:03 UTC] PHP Warning:  Undefined array key 1 in C:\Users\Zaavia\Local Sites\online-store\app\public\wp-content\plugins\astra-sites\inc\lib\zipwp-images\classes\zipwp-images-api.php on line 473
[11-Jun-2024 07:46:03 UTC] PHP Warning:  Undefined array key 1 in C:\Users\Zaavia\Local Sites\online-store\app\public\wp-content\plugins\astra-sites\inc\lib\zipwp-images\classes\zipwp-images-api.php on line 473
[11-Jun-2024 07:46:03 UTC] PHP Warning:  Undefined array key 1 in C:\Users\Zaavia\Local Sites\online-store\app\public\wp-content\plugins\astra-sites\inc\lib\zipwp-images\classes\zipwp-images-api.php on line 473
[11-Jun-2024 07:46:03 UTC] PHP Warning:  Undefined array key 1 in C:\Users\Zaavia\Local Sites\online-store\app\public\wp-content\plugins\astra-sites\inc\lib\zipwp-images\classes\zipwp-images-api.php on line 473
[11-Jun-2024 07:46:03 UTC] PHP Warning:  Undefined array key 1 in C:\Users\Zaavia\Local Sites\online-store\app\public\wp-content\plugins\astra-sites\inc\lib\zipwp-images\classes\zipwp-images-api.php on line 473
[11-Jun-2024 07:46:19 UTC] PHP Warning:  Undefined array key 1 in C:\Users\Zaavia\Local Sites\online-store\app\public\wp-content\plugins\astra-sites\inc\lib\zipwp-images\classes\zipwp-images-api.php on line 473
[11-Jun-2024 07:46:19 UTC] PHP Warning:  Undefined array key 1 in C:\Users\Zaavia\Local Sites\online-store\app\public\wp-content\plugins\astra-sites\inc\lib\zipwp-images\classes\zipwp-images-api.php on line 473
[11-Jun-2024 07:46:19 UTC] PHP Warning:  Undefined array key 1 in C:\Users\Zaavia\Local Sites\online-store\app\public\wp-content\plugins\astra-sites\inc\lib\zipwp-images\classes\zipwp-images-api.php on line 473
[11-Jun-2024 07:46:19 UTC] PHP Warning:  Undefined array key 1 in C:\Users\Zaavia\Local Sites\online-store\app\public\wp-content\plugins\astra-sites\inc\lib\zipwp-images\classes\zipwp-images-api.php on line 473
[11-Jun-2024 07:46:19 UTC] PHP Warning:  Undefined array key 1 in C:\Users\Zaavia\Local Sites\online-store\app\public\wp-content\plugins\astra-sites\inc\lib\zipwp-images\classes\zipwp-images-api.php on line 473
[11-Jun-2024 07:46:19 UTC] PHP Warning:  Undefined array key 1 in C:\Users\Zaavia\Local Sites\online-store\app\public\wp-content\plugins\astra-sites\inc\lib\zipwp-images\classes\zipwp-images-api.php on line 473
[11-Jun-2024 07:46:19 UTC] PHP Warning:  Undefined array key 1 in C:\Users\Zaavia\Local Sites\online-store\app\public\wp-content\plugins\astra-sites\inc\lib\zipwp-images\classes\zipwp-images-api.php on line 473
[11-Jun-2024 07:46:19 UTC] PHP Warning:  Undefined array key 1 in C:\Users\Zaavia\Local Sites\online-store\app\public\wp-content\plugins\astra-sites\inc\lib\zipwp-images\classes\zipwp-images-api.php on line 473
[11-Jun-2024 07:46:19 UTC] PHP Warning:  Undefined array key 1 in C:\Users\Zaavia\Local Sites\online-store\app\public\wp-content\plugins\astra-sites\inc\lib\zipwp-images\classes\zipwp-images-api.php on line 473
[11-Jun-2024 07:46:19 UTC] PHP Warning:  Undefined array key 1 in C:\Users\Zaavia\Local Sites\online-store\app\public\wp-content\plugins\astra-sites\inc\lib\zipwp-images\classes\zipwp-images-api.php on line 473
[11-Jun-2024 07:46:19 UTC] PHP Warning:  Undefined array key 1 in C:\Users\Zaavia\Local Sites\online-store\app\public\wp-content\plugins\astra-sites\inc\lib\zipwp-images\classes\zipwp-images-api.php on line 473
[11-Jun-2024 07:46:19 UTC] PHP Warning:  Undefined array key 1 in C:\Users\Zaavia\Local Sites\online-store\app\public\wp-content\plugins\astra-sites\inc\lib\zipwp-images\classes\zipwp-images-api.php on line 473
[11-Jun-2024 07:46:19 UTC] PHP Warning:  Undefined array key 1 in C:\Users\Zaavia\Local Sites\online-store\app\public\wp-content\plugins\astra-sites\inc\lib\zipwp-images\classes\zipwp-images-api.php on line 473
[11-Jun-2024 07:46:19 UTC] PHP Warning:  Undefined array key 1 in C:\Users\Zaavia\Local Sites\online-store\app\public\wp-content\plugins\astra-sites\inc\lib\zipwp-images\classes\zipwp-images-api.php on line 473
[11-Jun-2024 07:46:19 UTC] PHP Warning:  Undefined array key 1 in C:\Users\Zaavia\Local Sites\online-store\app\public\wp-content\plugins\astra-sites\inc\lib\zipwp-images\classes\zipwp-images-api.php on line 473
[11-Jun-2024 07:46:19 UTC] PHP Warning:  Undefined array key 1 in C:\Users\Zaavia\Local Sites\online-store\app\public\wp-content\plugins\astra-sites\inc\lib\zipwp-images\classes\zipwp-images-api.php on line 473
[11-Jun-2024 07:46:19 UTC] PHP Warning:  Undefined array key 1 in C:\Users\Zaavia\Local Sites\online-store\app\public\wp-content\plugins\astra-sites\inc\lib\zipwp-images\classes\zipwp-images-api.php on line 473
[11-Jun-2024 07:46:19 UTC] PHP Warning:  Undefined array key 1 in C:\Users\Zaavia\Local Sites\online-store\app\public\wp-content\plugins\astra-sites\inc\lib\zipwp-images\classes\zipwp-images-api.php on line 473
[11-Jun-2024 07:46:19 UTC] PHP Warning:  Undefined array key 1 in C:\Users\Zaavia\Local Sites\online-store\app\public\wp-content\plugins\astra-sites\inc\lib\zipwp-images\classes\zipwp-images-api.php on line 473
[11-Jun-2024 07:46:19 UTC] PHP Warning:  Undefined array key 1 in C:\Users\Zaavia\Local Sites\online-store\app\public\wp-content\plugins\astra-sites\inc\lib\zipwp-images\classes\zipwp-images-api.php on line 473
[11-Jun-2024 07:46:27 UTC] PHP Warning:  Undefined array key 1 in C:\Users\Zaavia\Local Sites\online-store\app\public\wp-content\plugins\astra-sites\inc\lib\zipwp-images\classes\zipwp-images-api.php on line 473
[11-Jun-2024 07:46:27 UTC] PHP Warning:  Undefined array key 1 in C:\Users\Zaavia\Local Sites\online-store\app\public\wp-content\plugins\astra-sites\inc\lib\zipwp-images\classes\zipwp-images-api.php on line 473
[11-Jun-2024 07:46:27 UTC] PHP Warning:  Undefined array key 1 in C:\Users\Zaavia\Local Sites\online-store\app\public\wp-content\plugins\astra-sites\inc\lib\zipwp-images\classes\zipwp-images-api.php on line 473
[11-Jun-2024 07:46:27 UTC] PHP Warning:  Undefined array key 1 in C:\Users\Zaavia\Local Sites\online-store\app\public\wp-content\plugins\astra-sites\inc\lib\zipwp-images\classes\zipwp-images-api.php on line 473
[11-Jun-2024 07:46:27 UTC] PHP Warning:  Undefined array key 1 in C:\Users\Zaavia\Local Sites\online-store\app\public\wp-content\plugins\astra-sites\inc\lib\zipwp-images\classes\zipwp-images-api.php on line 473
[11-Jun-2024 07:46:27 UTC] PHP Warning:  Undefined array key 1 in C:\Users\Zaavia\Local Sites\online-store\app\public\wp-content\plugins\astra-sites\inc\lib\zipwp-images\classes\zipwp-images-api.php on line 473
[11-Jun-2024 07:46:27 UTC] PHP Warning:  Undefined array key 1 in C:\Users\Zaavia\Local Sites\online-store\app\public\wp-content\plugins\astra-sites\inc\lib\zipwp-images\classes\zipwp-images-api.php on line 473
[11-Jun-2024 07:46:27 UTC] PHP Warning:  Undefined array key 1 in C:\Users\Zaavia\Local Sites\online-store\app\public\wp-content\plugins\astra-sites\inc\lib\zipwp-images\classes\zipwp-images-api.php on line 473
[11-Jun-2024 07:46:27 UTC] PHP Warning:  Undefined array key 1 in C:\Users\Zaavia\Local Sites\online-store\app\public\wp-content\plugins\astra-sites\inc\lib\zipwp-images\classes\zipwp-images-api.php on line 473
[11-Jun-2024 07:46:27 UTC] PHP Warning:  Undefined array key 1 in C:\Users\Zaavia\Local Sites\online-store\app\public\wp-content\plugins\astra-sites\inc\lib\zipwp-images\classes\zipwp-images-api.php on line 473
[11-Jun-2024 07:46:27 UTC] PHP Warning:  Undefined array key 1 in C:\Users\Zaavia\Local Sites\online-store\app\public\wp-content\plugins\astra-sites\inc\lib\zipwp-images\classes\zipwp-images-api.php on line 473
[11-Jun-2024 07:46:27 UTC] PHP Warning:  Undefined array key 1 in C:\Users\Zaavia\Local Sites\online-store\app\public\wp-content\plugins\astra-sites\inc\lib\zipwp-images\classes\zipwp-images-api.php on line 473
[11-Jun-2024 07:46:27 UTC] PHP Warning:  Undefined array key 1 in C:\Users\Zaavia\Local Sites\online-store\app\public\wp-content\plugins\astra-sites\inc\lib\zipwp-images\classes\zipwp-images-api.php on line 473
[11-Jun-2024 07:46:27 UTC] PHP Warning:  Undefined array key 1 in C:\Users\Zaavia\Local Sites\online-store\app\public\wp-content\plugins\astra-sites\inc\lib\zipwp-images\classes\zipwp-images-api.php on line 473
[11-Jun-2024 07:46:27 UTC] PHP Warning:  Undefined array key 1 in C:\Users\Zaavia\Local Sites\online-store\app\public\wp-content\plugins\astra-sites\inc\lib\zipwp-images\classes\zipwp-images-api.php on line 473
[11-Jun-2024 07:46:27 UTC] PHP Warning:  Undefined array key 1 in C:\Users\Zaavia\Local Sites\online-store\app\public\wp-content\plugins\astra-sites\inc\lib\zipwp-images\classes\zipwp-images-api.php on line 473
[11-Jun-2024 07:46:27 UTC] PHP Warning:  Undefined array key 1 in C:\Users\Zaavia\Local Sites\online-store\app\public\wp-content\plugins\astra-sites\inc\lib\zipwp-images\classes\zipwp-images-api.php on line 473
[11-Jun-2024 07:46:27 UTC] PHP Warning:  Undefined array key 1 in C:\Users\Zaavia\Local Sites\online-store\app\public\wp-content\plugins\astra-sites\inc\lib\zipwp-images\classes\zipwp-images-api.php on line 473
[11-Jun-2024 07:46:27 UTC] PHP Warning:  Undefined array key 1 in C:\Users\Zaavia\Local Sites\online-store\app\public\wp-content\plugins\astra-sites\inc\lib\zipwp-images\classes\zipwp-images-api.php on line 473
[11-Jun-2024 07:46:27 UTC] PHP Warning:  Undefined array key 1 in C:\Users\Zaavia\Local Sites\online-store\app\public\wp-content\plugins\astra-sites\inc\lib\zipwp-images\classes\zipwp-images-api.php on line 473
[11-Jun-2024 07:57:35 UTC] PHP Warning:  Undefined array key 1 in C:\Users\Zaavia\Local Sites\online-store\app\public\wp-content\plugins\astra-sites\inc\lib\zipwp-images\classes\zipwp-images-api.php on line 473
[11-Jun-2024 07:57:35 UTC] PHP Warning:  Undefined array key 1 in C:\Users\Zaavia\Local Sites\online-store\app\public\wp-content\plugins\astra-sites\inc\lib\zipwp-images\classes\zipwp-images-api.php on line 473
[11-Jun-2024 07:57:35 UTC] PHP Warning:  Undefined array key 1 in C:\Users\Zaavia\Local Sites\online-store\app\public\wp-content\plugins\astra-sites\inc\lib\zipwp-images\classes\zipwp-images-api.php on line 473
[11-Jun-2024 07:57:35 UTC] PHP Warning:  Undefined array key 1 in C:\Users\Zaavia\Local Sites\online-store\app\public\wp-content\plugins\astra-sites\inc\lib\zipwp-images\classes\zipwp-images-api.php on line 473
[11-Jun-2024 07:57:35 UTC] PHP Warning:  Undefined array key 1 in C:\Users\Zaavia\Local Sites\online-store\app\public\wp-content\plugins\astra-sites\inc\lib\zipwp-images\classes\zipwp-images-api.php on line 473
[11-Jun-2024 07:57:35 UTC] PHP Warning:  Undefined array key 1 in C:\Users\Zaavia\Local Sites\online-store\app\public\wp-content\plugins\astra-sites\inc\lib\zipwp-images\classes\zipwp-images-api.php on line 473
[11-Jun-2024 07:57:35 UTC] PHP Warning:  Undefined array key 1 in C:\Users\Zaavia\Local Sites\online-store\app\public\wp-content\plugins\astra-sites\inc\lib\zipwp-images\classes\zipwp-images-api.php on line 473
[11-Jun-2024 07:57:35 UTC] PHP Warning:  Undefined array key 1 in C:\Users\Zaavia\Local Sites\online-store\app\public\wp-content\plugins\astra-sites\inc\lib\zipwp-images\classes\zipwp-images-api.php on line 473
[11-Jun-2024 07:57:35 UTC] PHP Warning:  Undefined array key 1 in C:\Users\Zaavia\Local Sites\online-store\app\public\wp-content\plugins\astra-sites\inc\lib\zipwp-images\classes\zipwp-images-api.php on line 473
[11-Jun-2024 07:57:35 UTC] PHP Warning:  Undefined array key 1 in C:\Users\Zaavia\Local Sites\online-store\app\public\wp-content\plugins\astra-sites\inc\lib\zipwp-images\classes\zipwp-images-api.php on line 473
[11-Jun-2024 07:57:35 UTC] PHP Warning:  Undefined array key 1 in C:\Users\Zaavia\Local Sites\online-store\app\public\wp-content\plugins\astra-sites\inc\lib\zipwp-images\classes\zipwp-images-api.php on line 473
[11-Jun-2024 07:57:35 UTC] PHP Warning:  Undefined array key 1 in C:\Users\Zaavia\Local Sites\online-store\app\public\wp-content\plugins\astra-sites\inc\lib\zipwp-images\classes\zipwp-images-api.php on line 473
[11-Jun-2024 07:57:35 UTC] PHP Warning:  Undefined array key 1 in C:\Users\Zaavia\Local Sites\online-store\app\public\wp-content\plugins\astra-sites\inc\lib\zipwp-images\classes\zipwp-images-api.php on line 473
[11-Jun-2024 07:57:35 UTC] PHP Warning:  Undefined array key 1 in C:\Users\Zaavia\Local Sites\online-store\app\public\wp-content\plugins\astra-sites\inc\lib\zipwp-images\classes\zipwp-images-api.php on line 473
[11-Jun-2024 07:57:35 UTC] PHP Warning:  Undefined array key 1 in C:\Users\Zaavia\Local Sites\online-store\app\public\wp-content\plugins\astra-sites\inc\lib\zipwp-images\classes\zipwp-images-api.php on line 473
[11-Jun-2024 07:57:35 UTC] PHP Warning:  Undefined array key 1 in C:\Users\Zaavia\Local Sites\online-store\app\public\wp-content\plugins\astra-sites\inc\lib\zipwp-images\classes\zipwp-images-api.php on line 473
[11-Jun-2024 07:57:35 UTC] PHP Warning:  Undefined array key 1 in C:\Users\Zaavia\Local Sites\online-store\app\public\wp-content\plugins\astra-sites\inc\lib\zipwp-images\classes\zipwp-images-api.php on line 473
[11-Jun-2024 07:57:35 UTC] PHP Warning:  Undefined array key 1 in C:\Users\Zaavia\Local Sites\online-store\app\public\wp-content\plugins\astra-sites\inc\lib\zipwp-images\classes\zipwp-images-api.php on line 473
[11-Jun-2024 07:57:35 UTC] PHP Warning:  Undefined array key 1 in C:\Users\Zaavia\Local Sites\online-store\app\public\wp-content\plugins\astra-sites\inc\lib\zipwp-images\classes\zipwp-images-api.php on line 473
[11-Jun-2024 07:57:35 UTC] PHP Warning:  Undefined array key 1 in C:\Users\Zaavia\Local Sites\online-store\app\public\wp-content\plugins\astra-sites\inc\lib\zipwp-images\classes\zipwp-images-api.php on line 473
[11-Jun-2024 07:57:38 UTC] PHP Warning:  Undefined array key 1 in C:\Users\Zaavia\Local Sites\online-store\app\public\wp-content\plugins\astra-sites\inc\lib\zipwp-images\classes\zipwp-images-api.php on line 473
[11-Jun-2024 07:57:38 UTC] PHP Warning:  Undefined array key 1 in C:\Users\Zaavia\Local Sites\online-store\app\public\wp-content\plugins\astra-sites\inc\lib\zipwp-images\classes\zipwp-images-api.php on line 473
[11-Jun-2024 07:57:38 UTC] PHP Warning:  Undefined array key 1 in C:\Users\Zaavia\Local Sites\online-store\app\public\wp-content\plugins\astra-sites\inc\lib\zipwp-images\classes\zipwp-images-api.php on line 473
[11-Jun-2024 07:57:38 UTC] PHP Warning:  Undefined array key 1 in C:\Users\Zaavia\Local Sites\online-store\app\public\wp-content\plugins\astra-sites\inc\lib\zipwp-images\classes\zipwp-images-api.php on line 473
[11-Jun-2024 07:57:38 UTC] PHP Warning:  Undefined array key 1 in C:\Users\Zaavia\Local Sites\online-store\app\public\wp-content\plugins\astra-sites\inc\lib\zipwp-images\classes\zipwp-images-api.php on line 473
[11-Jun-2024 07:57:38 UTC] PHP Warning:  Undefined array key 1 in C:\Users\Zaavia\Local Sites\online-store\app\public\wp-content\plugins\astra-sites\inc\lib\zipwp-images\classes\zipwp-images-api.php on line 473
[11-Jun-2024 07:57:38 UTC] PHP Warning:  Undefined array key 1 in C:\Users\Zaavia\Local Sites\online-store\app\public\wp-content\plugins\astra-sites\inc\lib\zipwp-images\classes\zipwp-images-api.php on line 473
[11-Jun-2024 07:57:38 UTC] PHP Warning:  Undefined array key 1 in C:\Users\Zaavia\Local Sites\online-store\app\public\wp-content\plugins\astra-sites\inc\lib\zipwp-images\classes\zipwp-images-api.php on line 473
[11-Jun-2024 07:57:38 UTC] PHP Warning:  Undefined array key 1 in C:\Users\Zaavia\Local Sites\online-store\app\public\wp-content\plugins\astra-sites\inc\lib\zipwp-images\classes\zipwp-images-api.php on line 473
[11-Jun-2024 07:57:38 UTC] PHP Warning:  Undefined array key 1 in C:\Users\Zaavia\Local Sites\online-store\app\public\wp-content\plugins\astra-sites\inc\lib\zipwp-images\classes\zipwp-images-api.php on line 473
[11-Jun-2024 07:57:38 UTC] PHP Warning:  Undefined array key 1 in C:\Users\Zaavia\Local Sites\online-store\app\public\wp-content\plugins\astra-sites\inc\lib\zipwp-images\classes\zipwp-images-api.php on line 473
[11-Jun-2024 07:57:38 UTC] PHP Warning:  Undefined array key 1 in C:\Users\Zaavia\Local Sites\online-store\app\public\wp-content\plugins\astra-sites\inc\lib\zipwp-images\classes\zipwp-images-api.php on line 473
[11-Jun-2024 07:57:38 UTC] PHP Warning:  Undefined array key 1 in C:\Users\Zaavia\Local Sites\online-store\app\public\wp-content\plugins\astra-sites\inc\lib\zipwp-images\classes\zipwp-images-api.php on line 473
[11-Jun-2024 07:57:38 UTC] PHP Warning:  Undefined array key 1 in C:\Users\Zaavia\Local Sites\online-store\app\public\wp-content\plugins\astra-sites\inc\lib\zipwp-images\classes\zipwp-images-api.php on line 473
[11-Jun-2024 07:57:38 UTC] PHP Warning:  Undefined array key 1 in C:\Users\Zaavia\Local Sites\online-store\app\public\wp-content\plugins\astra-sites\inc\lib\zipwp-images\classes\zipwp-images-api.php on line 473
[11-Jun-2024 07:57:38 UTC] PHP Warning:  Undefined array key 1 in C:\Users\Zaavia\Local Sites\online-store\app\public\wp-content\plugins\astra-sites\inc\lib\zipwp-images\classes\zipwp-images-api.php on line 473
[11-Jun-2024 07:57:38 UTC] PHP Warning:  Undefined array key 1 in C:\Users\Zaavia\Local Sites\online-store\app\public\wp-content\plugins\astra-sites\inc\lib\zipwp-images\classes\zipwp-images-api.php on line 473
[11-Jun-2024 07:57:38 UTC] PHP Warning:  Undefined array key 1 in C:\Users\Zaavia\Local Sites\online-store\app\public\wp-content\plugins\astra-sites\inc\lib\zipwp-images\classes\zipwp-images-api.php on line 473
[11-Jun-2024 07:57:38 UTC] PHP Warning:  Undefined array key 1 in C:\Users\Zaavia\Local Sites\online-store\app\public\wp-content\plugins\astra-sites\inc\lib\zipwp-images\classes\zipwp-images-api.php on line 473
[11-Jun-2024 07:57:38 UTC] PHP Warning:  Undefined array key 1 in C:\Users\Zaavia\Local Sites\online-store\app\public\wp-content\plugins\astra-sites\inc\lib\zipwp-images\classes\zipwp-images-api.php on line 473
[11-Jun-2024 08:29:56 UTC] PHP Warning:  Trying to access array offset on false in C:\Users\Zaavia\Local Sites\online-store\app\public\wp-content\plugins\easy-login-woocommerce\includes\class-xoo-el-form-handler.php on line 21
[11-Jun-2024 09:11:23 UTC] PHP Warning:  Undefined array key 1 in C:\Users\Zaavia\Local Sites\online-store\app\public\wp-content\plugins\astra-sites\inc\lib\zipwp-images\classes\zipwp-images-api.php on line 473
[11-Jun-2024 09:11:23 UTC] PHP Warning:  Undefined array key 1 in C:\Users\Zaavia\Local Sites\online-store\app\public\wp-content\plugins\astra-sites\inc\lib\zipwp-images\classes\zipwp-images-api.php on line 473
[11-Jun-2024 09:11:23 UTC] PHP Warning:  Undefined array key 1 in C:\Users\Zaavia\Local Sites\online-store\app\public\wp-content\plugins\astra-sites\inc\lib\zipwp-images\classes\zipwp-images-api.php on line 473
[11-Jun-2024 09:11:23 UTC] PHP Warning:  Undefined array key 1 in C:\Users\Zaavia\Local Sites\online-store\app\public\wp-content\plugins\astra-sites\inc\lib\zipwp-images\classes\zipwp-images-api.php on line 473
[11-Jun-2024 09:11:23 UTC] PHP Warning:  Undefined array key 1 in C:\Users\Zaavia\Local Sites\online-store\app\public\wp-content\plugins\astra-sites\inc\lib\zipwp-images\classes\zipwp-images-api.php on line 473
[11-Jun-2024 09:11:23 UTC] PHP Warning:  Undefined array key 1 in C:\Users\Zaavia\Local Sites\online-store\app\public\wp-content\plugins\astra-sites\inc\lib\zipwp-images\classes\zipwp-images-api.php on line 473
[11-Jun-2024 09:11:23 UTC] PHP Warning:  Undefined array key 1 in C:\Users\Zaavia\Local Sites\online-store\app\public\wp-content\plugins\astra-sites\inc\lib\zipwp-images\classes\zipwp-images-api.php on line 473
[11-Jun-2024 09:11:23 UTC] PHP Warning:  Undefined array key 1 in C:\Users\Zaavia\Local Sites\online-store\app\public\wp-content\plugins\astra-sites\inc\lib\zipwp-images\classes\zipwp-images-api.php on line 473
[11-Jun-2024 09:11:23 UTC] PHP Warning:  Undefined array key 1 in C:\Users\Zaavia\Local Sites\online-store\app\public\wp-content\plugins\astra-sites\inc\lib\zipwp-images\classes\zipwp-images-api.php on line 473
[11-Jun-2024 09:11:23 UTC] PHP Warning:  Undefined array key 1 in C:\Users\Zaavia\Local Sites\online-store\app\public\wp-content\plugins\astra-sites\inc\lib\zipwp-images\classes\zipwp-images-api.php on line 473
[11-Jun-2024 09:11:23 UTC] PHP Warning:  Undefined array key 1 in C:\Users\Zaavia\Local Sites\online-store\app\public\wp-content\plugins\astra-sites\inc\lib\zipwp-images\classes\zipwp-images-api.php on line 473
[11-Jun-2024 09:11:23 UTC] PHP Warning:  Undefined array key 1 in C:\Users\Zaavia\Local Sites\online-store\app\public\wp-content\plugins\astra-sites\inc\lib\zipwp-images\classes\zipwp-images-api.php on line 473
[11-Jun-2024 09:11:23 UTC] PHP Warning:  Undefined array key 1 in C:\Users\Zaavia\Local Sites\online-store\app\public\wp-content\plugins\astra-sites\inc\lib\zipwp-images\classes\zipwp-images-api.php on line 473
[11-Jun-2024 09:11:23 UTC] PHP Warning:  Undefined array key 1 in C:\Users\Zaavia\Local Sites\online-store\app\public\wp-content\plugins\astra-sites\inc\lib\zipwp-images\classes\zipwp-images-api.php on line 473
[11-Jun-2024 09:11:23 UTC] PHP Warning:  Undefined array key 1 in C:\Users\Zaavia\Local Sites\online-store\app\public\wp-content\plugins\astra-sites\inc\lib\zipwp-images\classes\zipwp-images-api.php on line 473
[11-Jun-2024 09:12:33 UTC] PHP Warning:  Undefined array key 1 in C:\Users\Zaavia\Local Sites\online-store\app\public\wp-content\plugins\astra-sites\inc\lib\zipwp-images\classes\zipwp-images-api.php on line 473
[11-Jun-2024 09:12:33 UTC] PHP Warning:  Undefined array key 1 in C:\Users\Zaavia\Local Sites\online-store\app\public\wp-content\plugins\astra-sites\inc\lib\zipwp-images\classes\zipwp-images-api.php on line 473
[11-Jun-2024 09:12:33 UTC] PHP Warning:  Undefined array key 1 in C:\Users\Zaavia\Local Sites\online-store\app\public\wp-content\plugins\astra-sites\inc\lib\zipwp-images\classes\zipwp-images-api.php on line 473
[11-Jun-2024 09:12:33 UTC] PHP Warning:  Undefined array key 1 in C:\Users\Zaavia\Local Sites\online-store\app\public\wp-content\plugins\astra-sites\inc\lib\zipwp-images\classes\zipwp-images-api.php on line 473
[11-Jun-2024 09:12:33 UTC] PHP Warning:  Undefined array key 1 in C:\Users\Zaavia\Local Sites\online-store\app\public\wp-content\plugins\astra-sites\inc\lib\zipwp-images\classes\zipwp-images-api.php on line 473
[11-Jun-2024 09:12:33 UTC] PHP Warning:  Undefined array key 1 in C:\Users\Zaavia\Local Sites\online-store\app\public\wp-content\plugins\astra-sites\inc\lib\zipwp-images\classes\zipwp-images-api.php on line 473
[11-Jun-2024 09:12:33 UTC] PHP Warning:  Undefined array key 1 in C:\Users\Zaavia\Local Sites\online-store\app\public\wp-content\plugins\astra-sites\inc\lib\zipwp-images\classes\zipwp-images-api.php on line 473
[11-Jun-2024 09:12:33 UTC] PHP Warning:  Undefined array key 1 in C:\Users\Zaavia\Local Sites\online-store\app\public\wp-content\plugins\astra-sites\inc\lib\zipwp-images\classes\zipwp-images-api.php on line 473
[11-Jun-2024 09:12:33 UTC] PHP Warning:  Undefined array key 1 in C:\Users\Zaavia\Local Sites\online-store\app\public\wp-content\plugins\astra-sites\inc\lib\zipwp-images\classes\zipwp-images-api.php on line 473
[11-Jun-2024 09:12:33 UTC] PHP Warning:  Undefined array key 1 in C:\Users\Zaavia\Local Sites\online-store\app\public\wp-content\plugins\astra-sites\inc\lib\zipwp-images\classes\zipwp-images-api.php on line 473
[11-Jun-2024 09:12:33 UTC] PHP Warning:  Undefined array key 1 in C:\Users\Zaavia\Local Sites\online-store\app\public\wp-content\plugins\astra-sites\inc\lib\zipwp-images\classes\zipwp-images-api.php on line 473
[11-Jun-2024 09:12:33 UTC] PHP Warning:  Undefined array key 1 in C:\Users\Zaavia\Local Sites\online-store\app\public\wp-content\plugins\astra-sites\inc\lib\zipwp-images\classes\zipwp-images-api.php on line 473
[11-Jun-2024 09:12:33 UTC] PHP Warning:  Undefined array key 1 in C:\Users\Zaavia\Local Sites\online-store\app\public\wp-content\plugins\astra-sites\inc\lib\zipwp-images\classes\zipwp-images-api.php on line 473
[11-Jun-2024 09:12:33 UTC] PHP Warning:  Undefined array key 1 in C:\Users\Zaavia\Local Sites\online-store\app\public\wp-content\plugins\astra-sites\inc\lib\zipwp-images\classes\zipwp-images-api.php on line 473
[11-Jun-2024 09:12:33 UTC] PHP Warning:  Undefined array key 1 in C:\Users\Zaavia\Local Sites\online-store\app\public\wp-content\plugins\astra-sites\inc\lib\zipwp-images\classes\zipwp-images-api.php on line 473
[11-Jun-2024 09:12:33 UTC] PHP Warning:  Undefined array key 1 in C:\Users\Zaavia\Local Sites\online-store\app\public\wp-content\plugins\astra-sites\inc\lib\zipwp-images\classes\zipwp-images-api.php on line 473
[11-Jun-2024 09:12:33 UTC] PHP Warning:  Undefined array key 1 in C:\Users\Zaavia\Local Sites\online-store\app\public\wp-content\plugins\astra-sites\inc\lib\zipwp-images\classes\zipwp-images-api.php on line 473
[11-Jun-2024 09:12:33 UTC] PHP Warning:  Undefined array key 1 in C:\Users\Zaavia\Local Sites\online-store\app\public\wp-content\plugins\astra-sites\inc\lib\zipwp-images\classes\zipwp-images-api.php on line 473
[11-Jun-2024 09:12:33 UTC] PHP Warning:  Undefined array key 1 in C:\Users\Zaavia\Local Sites\online-store\app\public\wp-content\plugins\astra-sites\inc\lib\zipwp-images\classes\zipwp-images-api.php on line 473
[11-Jun-2024 09:12:33 UTC] PHP Warning:  Undefined array key 1 in C:\Users\Zaavia\Local Sites\online-store\app\public\wp-content\plugins\astra-sites\inc\lib\zipwp-images\classes\zipwp-images-api.php on line 473
[11-Jun-2024 09:12:37 UTC] PHP Warning:  Undefined array key 1 in C:\Users\Zaavia\Local Sites\online-store\app\public\wp-content\plugins\astra-sites\inc\lib\zipwp-images\classes\zipwp-images-api.php on line 473
[11-Jun-2024 09:12:37 UTC] PHP Warning:  Undefined array key 1 in C:\Users\Zaavia\Local Sites\online-store\app\public\wp-content\plugins\astra-sites\inc\lib\zipwp-images\classes\zipwp-images-api.php on line 473
[11-Jun-2024 09:12:37 UTC] PHP Warning:  Undefined array key 1 in C:\Users\Zaavia\Local Sites\online-store\app\public\wp-content\plugins\astra-sites\inc\lib\zipwp-images\classes\zipwp-images-api.php on line 473
[11-Jun-2024 09:12:37 UTC] PHP Warning:  Undefined array key 1 in C:\Users\Zaavia\Local Sites\online-store\app\public\wp-content\plugins\astra-sites\inc\lib\zipwp-images\classes\zipwp-images-api.php on line 473
[11-Jun-2024 09:12:37 UTC] PHP Warning:  Undefined array key 1 in C:\Users\Zaavia\Local Sites\online-store\app\public\wp-content\plugins\astra-sites\inc\lib\zipwp-images\classes\zipwp-images-api.php on line 473
[11-Jun-2024 09:12:37 UTC] PHP Warning:  Undefined array key 1 in C:\Users\Zaavia\Local Sites\online-store\app\public\wp-content\plugins\astra-sites\inc\lib\zipwp-images\classes\zipwp-images-api.php on line 473
[11-Jun-2024 09:12:37 UTC] PHP Warning:  Undefined array key 1 in C:\Users\Zaavia\Local Sites\online-store\app\public\wp-content\plugins\astra-sites\inc\lib\zipwp-images\classes\zipwp-images-api.php on line 473
[11-Jun-2024 09:12:37 UTC] PHP Warning:  Undefined array key 1 in C:\Users\Zaavia\Local Sites\online-store\app\public\wp-content\plugins\astra-sites\inc\lib\zipwp-images\classes\zipwp-images-api.php on line 473
[11-Jun-2024 09:12:37 UTC] PHP Warning:  Undefined array key 1 in C:\Users\Zaavia\Local Sites\online-store\app\public\wp-content\plugins\astra-sites\inc\lib\zipwp-images\classes\zipwp-images-api.php on line 473
[11-Jun-2024 09:12:37 UTC] PHP Warning:  Undefined array key 1 in C:\Users\Zaavia\Local Sites\online-store\app\public\wp-content\plugins\astra-sites\inc\lib\zipwp-images\classes\zipwp-images-api.php on line 473
[11-Jun-2024 09:12:37 UTC] PHP Warning:  Undefined array key 1 in C:\Users\Zaavia\Local Sites\online-store\app\public\wp-content\plugins\astra-sites\inc\lib\zipwp-images\classes\zipwp-images-api.php on line 473
[11-Jun-2024 09:12:37 UTC] PHP Warning:  Undefined array key 1 in C:\Users\Zaavia\Local Sites\online-store\app\public\wp-content\plugins\astra-sites\inc\lib\zipwp-images\classes\zipwp-images-api.php on line 473
[11-Jun-2024 09:12:37 UTC] PHP Warning:  Undefined array key 1 in C:\Users\Zaavia\Local Sites\online-store\app\public\wp-content\plugins\astra-sites\inc\lib\zipwp-images\classes\zipwp-images-api.php on line 473
[11-Jun-2024 09:12:37 UTC] PHP Warning:  Undefined array key 1 in C:\Users\Zaavia\Local Sites\online-store\app\public\wp-content\plugins\astra-sites\inc\lib\zipwp-images\classes\zipwp-images-api.php on line 473
[11-Jun-2024 09:12:37 UTC] PHP Warning:  Undefined array key 1 in C:\Users\Zaavia\Local Sites\online-store\app\public\wp-content\plugins\astra-sites\inc\lib\zipwp-images\classes\zipwp-images-api.php on line 473
[11-Jun-2024 09:12:37 UTC] PHP Warning:  Undefined array key 1 in C:\Users\Zaavia\Local Sites\online-store\app\public\wp-content\plugins\astra-sites\inc\lib\zipwp-images\classes\zipwp-images-api.php on line 473
[11-Jun-2024 09:12:37 UTC] PHP Warning:  Undefined array key 1 in C:\Users\Zaavia\Local Sites\online-store\app\public\wp-content\plugins\astra-sites\inc\lib\zipwp-images\classes\zipwp-images-api.php on line 473
[11-Jun-2024 09:12:37 UTC] PHP Warning:  Undefined array key 1 in C:\Users\Zaavia\Local Sites\online-store\app\public\wp-content\plugins\astra-sites\inc\lib\zipwp-images\classes\zipwp-images-api.php on line 473
[11-Jun-2024 09:12:37 UTC] PHP Warning:  Undefined array key 1 in C:\Users\Zaavia\Local Sites\online-store\app\public\wp-content\plugins\astra-sites\inc\lib\zipwp-images\classes\zipwp-images-api.php on line 473
[11-Jun-2024 09:12:37 UTC] PHP Warning:  Undefined array key 1 in C:\Users\Zaavia\Local Sites\online-store\app\public\wp-content\plugins\astra-sites\inc\lib\zipwp-images\classes\zipwp-images-api.php on line 473
[12-Jun-2024 13:19:54 UTC] PHP Warning:  Attempt to read property "subcode" on null in C:\Users\Zaavia\Local Sites\online-store\app\public\wp-content\plugins\bykea-cash-online-payments\online-payments-bykeacash.php on line 169
[12-Jun-2024 13:19:54 UTC] PHP Warning:  Attempt to read property "data" on null in C:\Users\Zaavia\Local Sites\online-store\app\public\wp-content\plugins\bykea-cash-online-payments\online-payments-bykeacash.php on line 173
[12-Jun-2024 13:19:54 UTC] PHP Warning:  Attempt to read property "messages" on null in C:\Users\Zaavia\Local Sites\online-store\app\public\wp-content\plugins\bykea-cash-online-payments\online-payments-bykeacash.php on line 173
[12-Jun-2024 13:19:54 UTC] PHP Warning:  Attempt to read property "message" on null in C:\Users\Zaavia\Local Sites\online-store\app\public\wp-content\plugins\bykea-cash-online-payments\online-payments-bykeacash.php on line 175
[12-Jun-2024 13:20:12 UTC] PHP Warning:  Attempt to read property "subcode" on null in C:\Users\Zaavia\Local Sites\online-store\app\public\wp-content\plugins\bykea-cash-online-payments\online-payments-bykeacash.php on line 169
[12-Jun-2024 13:20:12 UTC] PHP Warning:  Attempt to read property "data" on null in C:\Users\Zaavia\Local Sites\online-store\app\public\wp-content\plugins\bykea-cash-online-payments\online-payments-bykeacash.php on line 173
[12-Jun-2024 13:20:12 UTC] PHP Warning:  Attempt to read property "messages" on null in C:\Users\Zaavia\Local Sites\online-store\app\public\wp-content\plugins\bykea-cash-online-payments\online-payments-bykeacash.php on line 173
[12-Jun-2024 13:20:12 UTC] PHP Warning:  Attempt to read property "message" on null in C:\Users\Zaavia\Local Sites\online-store\app\public\wp-content\plugins\bykea-cash-online-payments\online-payments-bykeacash.php on line 175
[13-Jun-2024 11:44:39 UTC] PHP Warning:  Undefined array key 1 in C:\Users\Zaavia\Local Sites\online-store\app\public\wp-content\plugins\astra-sites\inc\lib\zipwp-images\classes\zipwp-images-api.php on line 473
[13-Jun-2024 11:44:39 UTC] PHP Warning:  Undefined array key 1 in C:\Users\Zaavia\Local Sites\online-store\app\public\wp-content\plugins\astra-sites\inc\lib\zipwp-images\classes\zipwp-images-api.php on line 473
[13-Jun-2024 11:44:39 UTC] PHP Warning:  Undefined array key 1 in C:\Users\Zaavia\Local Sites\online-store\app\public\wp-content\plugins\astra-sites\inc\lib\zipwp-images\classes\zipwp-images-api.php on line 473
[13-Jun-2024 11:44:39 UTC] PHP Warning:  Undefined array key 1 in C:\Users\Zaavia\Local Sites\online-store\app\public\wp-content\plugins\astra-sites\inc\lib\zipwp-images\classes\zipwp-images-api.php on line 473
[13-Jun-2024 11:44:39 UTC] PHP Warning:  Undefined array key 1 in C:\Users\Zaavia\Local Sites\online-store\app\public\wp-content\plugins\astra-sites\inc\lib\zipwp-images\classes\zipwp-images-api.php on line 473
[13-Jun-2024 11:44:39 UTC] PHP Warning:  Undefined array key 1 in C:\Users\Zaavia\Local Sites\online-store\app\public\wp-content\plugins\astra-sites\inc\lib\zipwp-images\classes\zipwp-images-api.php on line 473
[13-Jun-2024 11:44:39 UTC] PHP Warning:  Undefined array key 1 in C:\Users\Zaavia\Local Sites\online-store\app\public\wp-content\plugins\astra-sites\inc\lib\zipwp-images\classes\zipwp-images-api.php on line 473
[13-Jun-2024 11:44:39 UTC] PHP Warning:  Undefined array key 1 in C:\Users\Zaavia\Local Sites\online-store\app\public\wp-content\plugins\astra-sites\inc\lib\zipwp-images\classes\zipwp-images-api.php on line 473
[13-Jun-2024 11:44:39 UTC] PHP Warning:  Undefined array key 1 in C:\Users\Zaavia\Local Sites\online-store\app\public\wp-content\plugins\astra-sites\inc\lib\zipwp-images\classes\zipwp-images-api.php on line 473
[13-Jun-2024 11:44:39 UTC] PHP Warning:  Undefined array key 1 in C:\Users\Zaavia\Local Sites\online-store\app\public\wp-content\plugins\astra-sites\inc\lib\zipwp-images\classes\zipwp-images-api.php on line 473
[13-Jun-2024 11:44:39 UTC] PHP Warning:  Undefined array key 1 in C:\Users\Zaavia\Local Sites\online-store\app\public\wp-content\plugins\astra-sites\inc\lib\zipwp-images\classes\zipwp-images-api.php on line 473
[13-Jun-2024 11:44:39 UTC] PHP Warning:  Undefined array key 1 in C:\Users\Zaavia\Local Sites\online-store\app\public\wp-content\plugins\astra-sites\inc\lib\zipwp-images\classes\zipwp-images-api.php on line 473
[13-Jun-2024 11:44:39 UTC] PHP Warning:  Undefined array key 1 in C:\Users\Zaavia\Local Sites\online-store\app\public\wp-content\plugins\astra-sites\inc\lib\zipwp-images\classes\zipwp-images-api.php on line 473
[13-Jun-2024 11:44:39 UTC] PHP Warning:  Undefined array key 1 in C:\Users\Zaavia\Local Sites\online-store\app\public\wp-content\plugins\astra-sites\inc\lib\zipwp-images\classes\zipwp-images-api.php on line 473
[13-Jun-2024 11:44:39 UTC] PHP Warning:  Undefined array key 1 in C:\Users\Zaavia\Local Sites\online-store\app\public\wp-content\plugins\astra-sites\inc\lib\zipwp-images\classes\zipwp-images-api.php on line 473
[13-Jun-2024 11:44:39 UTC] PHP Warning:  Undefined array key 1 in C:\Users\Zaavia\Local Sites\online-store\app\public\wp-content\plugins\astra-sites\inc\lib\zipwp-images\classes\zipwp-images-api.php on line 473
[13-Jun-2024 11:44:39 UTC] PHP Warning:  Undefined array key 1 in C:\Users\Zaavia\Local Sites\online-store\app\public\wp-content\plugins\astra-sites\inc\lib\zipwp-images\classes\zipwp-images-api.php on line 473
[13-Jun-2024 11:44:39 UTC] PHP Warning:  Undefined array key 1 in C:\Users\Zaavia\Local Sites\online-store\app\public\wp-content\plugins\astra-sites\inc\lib\zipwp-images\classes\zipwp-images-api.php on line 473
[13-Jun-2024 11:44:39 UTC] PHP Warning:  Undefined array key 1 in C:\Users\Zaavia\Local Sites\online-store\app\public\wp-content\plugins\astra-sites\inc\lib\zipwp-images\classes\zipwp-images-api.php on line 473
[13-Jun-2024 11:44:39 UTC] PHP Warning:  Undefined array key 1 in C:\Users\Zaavia\Local Sites\online-store\app\public\wp-content\plugins\astra-sites\inc\lib\zipwp-images\classes\zipwp-images-api.php on line 473
[14-Jun-2024 07:24:16 UTC] PHP Warning:  Undefined array key "publishable_key" in C:\Users\Zaavia\Local Sites\online-store\app\public\wp-content\plugins\woocommerce-gateway-stripe\includes\admin\class-wc-rest-stripe-account-keys-controller.php on line 240
[14-Jun-2024 07:24:16 UTC] PHP Warning:  Undefined array key "secret_key" in C:\Users\Zaavia\Local Sites\online-store\app\public\wp-content\plugins\woocommerce-gateway-stripe\includes\admin\class-wc-rest-stripe-account-keys-controller.php on line 241
[14-Jun-2024 07:24:16 UTC] PHP Warning:  Undefined array key "test_publishable_key" in C:\Users\Zaavia\Local Sites\online-store\app\public\wp-content\plugins\woocommerce-gateway-stripe\includes\admin\class-wc-rest-stripe-account-keys-controller.php on line 242
[14-Jun-2024 07:24:16 UTC] PHP Warning:  Undefined array key "test_secret_key" in C:\Users\Zaavia\Local Sites\online-store\app\public\wp-content\plugins\woocommerce-gateway-stripe\includes\admin\class-wc-rest-stripe-account-keys-controller.php on line 243
[14-Jun-2024 07:24:16 UTC] PHP Warning:  Undefined array key "testmode" in C:\Users\Zaavia\Local Sites\online-store\app\public\wp-content\plugins\woocommerce-gateway-stripe\includes\admin\class-wc-rest-stripe-account-keys-controller.php on line 247
[14-Jun-2024 07:24:17 UTC] PHP Warning:  Undefined array key "publishable_key" in C:\Users\Zaavia\Local Sites\online-store\app\public\wp-content\plugins\woocommerce-gateway-stripe\includes\admin\class-wc-rest-stripe-account-keys-controller.php on line 255
[14-Jun-2024 07:24:17 UTC] PHP Warning:  Undefined array key "publishable_key" in C:\Users\Zaavia\Local Sites\online-store\app\public\wp-content\plugins\woocommerce-gateway-stripe\includes\admin\class-wc-rest-stripe-account-keys-controller.php on line 255
[14-Jun-2024 07:24:17 UTC] PHP Warning:  Undefined array key "secret_key" in C:\Users\Zaavia\Local Sites\online-store\app\public\wp-content\plugins\woocommerce-gateway-stripe\includes\admin\class-wc-rest-stripe-account-keys-controller.php on line 256
[14-Jun-2024 07:24:17 UTC] PHP Warning:  Undefined array key "secret_key" in C:\Users\Zaavia\Local Sites\online-store\app\public\wp-content\plugins\woocommerce-gateway-stripe\includes\admin\class-wc-rest-stripe-account-keys-controller.php on line 256
[14-Jun-2024 07:24:17 UTC] PHP Warning:  Undefined array key "test_publishable_key" in C:\Users\Zaavia\Local Sites\online-store\app\public\wp-content\plugins\woocommerce-gateway-stripe\includes\admin\class-wc-rest-stripe-account-keys-controller.php on line 257
[14-Jun-2024 07:24:17 UTC] PHP Warning:  Undefined array key "test_publishable_key" in C:\Users\Zaavia\Local Sites\online-store\app\public\wp-content\plugins\woocommerce-gateway-stripe\includes\admin\class-wc-rest-stripe-account-keys-controller.php on line 257
[14-Jun-2024 07:24:17 UTC] PHP Warning:  Undefined array key "test_secret_key" in C:\Users\Zaavia\Local Sites\online-store\app\public\wp-content\plugins\woocommerce-gateway-stripe\includes\admin\class-wc-rest-stripe-account-keys-controller.php on line 258
[14-Jun-2024 07:24:17 UTC] PHP Warning:  Undefined array key "test_secret_key" in C:\Users\Zaavia\Local Sites\online-store\app\public\wp-content\plugins\woocommerce-gateway-stripe\includes\admin\class-wc-rest-stripe-account-keys-controller.php on line 258
[25-Jun-2024 08:09:40 UTC] PHP Warning:  Undefined array key "postId" in C:\Users\Zaavia\Local Sites\online-store\app\public\wp-includes\blocks\avatar.php on line 34
[25-Jun-2024 08:23:17 UTC] PHP Warning:  Undefined array key "postId" in C:\Users\Zaavia\Local Sites\online-store\app\public\wp-includes\blocks\avatar.php on line 34
[25-Jun-2024 08:33:32 UTC] PHP Warning:  Undefined array key "postId" in C:\Users\Zaavia\Local Sites\online-store\app\public\wp-includes\blocks\avatar.php on line 34
[25-Jun-2024 08:38:30 UTC] PHP Warning:  Undefined array key "postId" in C:\Users\Zaavia\Local Sites\online-store\app\public\wp-includes\blocks\avatar.php on line 34
[25-Jun-2024 08:38:33 UTC] PHP Warning:  Undefined array key "postId" in C:\Users\Zaavia\Local Sites\online-store\app\public\wp-includes\blocks\avatar.php on line 34
[25-Jun-2024 08:38:33 UTC] PHP Warning:  Undefined array key "postId" in C:\Users\Zaavia\Local Sites\online-store\app\public\wp-includes\blocks\avatar.php on line 34
[25-Jun-2024 08:38:44 UTC] PHP Warning:  Undefined array key "postId" in C:\Users\Zaavia\Local Sites\online-store\app\public\wp-includes\blocks\avatar.php on line 34
[25-Jun-2024 08:38:47 UTC] PHP Warning:  Undefined array key "postId" in C:\Users\Zaavia\Local Sites\online-store\app\public\wp-includes\blocks\avatar.php on line 34
[25-Jun-2024 08:39:47 UTC] PHP Warning:  Undefined array key "postId" in C:\Users\Zaavia\Local Sites\online-store\app\public\wp-includes\blocks\avatar.php on line 34
[25-Jun-2024 08:39:49 UTC] PHP Warning:  Undefined array key "postId" in C:\Users\Zaavia\Local Sites\online-store\app\public\wp-includes\blocks\avatar.php on line 34
[26-Jun-2024 05:41:04 UTC] PHP Warning:  Undefined array key 1 in C:\Users\Zaavia\Local Sites\online-store\app\public\wp-content\plugins\astra-sites\inc\lib\zipwp-images\classes\zipwp-images-api.php on line 473
[26-Jun-2024 05:41:04 UTC] PHP Warning:  Undefined array key 1 in C:\Users\Zaavia\Local Sites\online-store\app\public\wp-content\plugins\astra-sites\inc\lib\zipwp-images\classes\zipwp-images-api.php on line 473
[26-Jun-2024 05:41:04 UTC] PHP Warning:  Undefined array key 1 in C:\Users\Zaavia\Local Sites\online-store\app\public\wp-content\plugins\astra-sites\inc\lib\zipwp-images\classes\zipwp-images-api.php on line 473
[26-Jun-2024 05:41:04 UTC] PHP Warning:  Undefined array key 1 in C:\Users\Zaavia\Local Sites\online-store\app\public\wp-content\plugins\astra-sites\inc\lib\zipwp-images\classes\zipwp-images-api.php on line 473
[26-Jun-2024 05:41:04 UTC] PHP Warning:  Undefined array key 1 in C:\Users\Zaavia\Local Sites\online-store\app\public\wp-content\plugins\astra-sites\inc\lib\zipwp-images\classes\zipwp-images-api.php on line 473
[26-Jun-2024 05:41:04 UTC] PHP Warning:  Undefined array key 1 in C:\Users\Zaavia\Local Sites\online-store\app\public\wp-content\plugins\astra-sites\inc\lib\zipwp-images\classes\zipwp-images-api.php on line 473
[26-Jun-2024 05:41:04 UTC] PHP Warning:  Undefined array key 1 in C:\Users\Zaavia\Local Sites\online-store\app\public\wp-content\plugins\astra-sites\inc\lib\zipwp-images\classes\zipwp-images-api.php on line 473
[26-Jun-2024 05:41:04 UTC] PHP Warning:  Undefined array key 1 in C:\Users\Zaavia\Local Sites\online-store\app\public\wp-content\plugins\astra-sites\inc\lib\zipwp-images\classes\zipwp-images-api.php on line 473
[26-Jun-2024 05:41:04 UTC] PHP Warning:  Undefined array key 1 in C:\Users\Zaavia\Local Sites\online-store\app\public\wp-content\plugins\astra-sites\inc\lib\zipwp-images\classes\zipwp-images-api.php on line 473
[26-Jun-2024 05:41:04 UTC] PHP Warning:  Undefined array key 1 in C:\Users\Zaavia\Local Sites\online-store\app\public\wp-content\plugins\astra-sites\inc\lib\zipwp-images\classes\zipwp-images-api.php on line 473
[26-Jun-2024 05:41:04 UTC] PHP Warning:  Undefined array key 1 in C:\Users\Zaavia\Local Sites\online-store\app\public\wp-content\plugins\astra-sites\inc\lib\zipwp-images\classes\zipwp-images-api.php on line 473
[26-Jun-2024 05:41:04 UTC] PHP Warning:  Undefined array key 1 in C:\Users\Zaavia\Local Sites\online-store\app\public\wp-content\plugins\astra-sites\inc\lib\zipwp-images\classes\zipwp-images-api.php on line 473
[26-Jun-2024 05:41:04 UTC] PHP Warning:  Undefined array key 1 in C:\Users\Zaavia\Local Sites\online-store\app\public\wp-content\plugins\astra-sites\inc\lib\zipwp-images\classes\zipwp-images-api.php on line 473
[26-Jun-2024 05:41:04 UTC] PHP Warning:  Undefined array key 1 in C:\Users\Zaavia\Local Sites\online-store\app\public\wp-content\plugins\astra-sites\inc\lib\zipwp-images\classes\zipwp-images-api.php on line 473
[26-Jun-2024 05:41:04 UTC] PHP Warning:  Undefined array key 1 in C:\Users\Zaavia\Local Sites\online-store\app\public\wp-content\plugins\astra-sites\inc\lib\zipwp-images\classes\zipwp-images-api.php on line 473
[26-Jun-2024 05:41:04 UTC] PHP Warning:  Undefined array key 1 in C:\Users\Zaavia\Local Sites\online-store\app\public\wp-content\plugins\astra-sites\inc\lib\zipwp-images\classes\zipwp-images-api.php on line 473
[26-Jun-2024 05:41:04 UTC] PHP Warning:  Undefined array key 1 in C:\Users\Zaavia\Local Sites\online-store\app\public\wp-content\plugins\astra-sites\inc\lib\zipwp-images\classes\zipwp-images-api.php on line 473
[26-Jun-2024 05:41:04 UTC] PHP Warning:  Undefined array key 1 in C:\Users\Zaavia\Local Sites\online-store\app\public\wp-content\plugins\astra-sites\inc\lib\zipwp-images\classes\zipwp-images-api.php on line 473
[26-Jun-2024 05:41:04 UTC] PHP Warning:  Undefined array key 1 in C:\Users\Zaavia\Local Sites\online-store\app\public\wp-content\plugins\astra-sites\inc\lib\zipwp-images\classes\zipwp-images-api.php on line 473
[26-Jun-2024 05:41:04 UTC] PHP Warning:  Undefined array key 1 in C:\Users\Zaavia\Local Sites\online-store\app\public\wp-content\plugins\astra-sites\inc\lib\zipwp-images\classes\zipwp-images-api.php on line 473
[26-Jun-2024 05:41:15 UTC] PHP Warning:  Undefined array key 1 in C:\Users\Zaavia\Local Sites\online-store\app\public\wp-content\plugins\astra-sites\inc\lib\zipwp-images\classes\zipwp-images-api.php on line 473
[26-Jun-2024 05:41:15 UTC] PHP Warning:  Undefined array key 1 in C:\Users\Zaavia\Local Sites\online-store\app\public\wp-content\plugins\astra-sites\inc\lib\zipwp-images\classes\zipwp-images-api.php on line 473
[26-Jun-2024 05:41:15 UTC] PHP Warning:  Undefined array key 1 in C:\Users\Zaavia\Local Sites\online-store\app\public\wp-content\plugins\astra-sites\inc\lib\zipwp-images\classes\zipwp-images-api.php on line 473
[26-Jun-2024 05:41:15 UTC] PHP Warning:  Undefined array key 1 in C:\Users\Zaavia\Local Sites\online-store\app\public\wp-content\plugins\astra-sites\inc\lib\zipwp-images\classes\zipwp-images-api.php on line 473
[26-Jun-2024 05:41:15 UTC] PHP Warning:  Undefined array key 1 in C:\Users\Zaavia\Local Sites\online-store\app\public\wp-content\plugins\astra-sites\inc\lib\zipwp-images\classes\zipwp-images-api.php on line 473
[26-Jun-2024 05:41:15 UTC] PHP Warning:  Undefined array key 1 in C:\Users\Zaavia\Local Sites\online-store\app\public\wp-content\plugins\astra-sites\inc\lib\zipwp-images\classes\zipwp-images-api.php on line 473
[26-Jun-2024 05:41:15 UTC] PHP Warning:  Undefined array key 1 in C:\Users\Zaavia\Local Sites\online-store\app\public\wp-content\plugins\astra-sites\inc\lib\zipwp-images\classes\zipwp-images-api.php on line 473
[26-Jun-2024 05:41:15 UTC] PHP Warning:  Undefined array key 1 in C:\Users\Zaavia\Local Sites\online-store\app\public\wp-content\plugins\astra-sites\inc\lib\zipwp-images\classes\zipwp-images-api.php on line 473
[26-Jun-2024 05:41:15 UTC] PHP Warning:  Undefined array key 1 in C:\Users\Zaavia\Local Sites\online-store\app\public\wp-content\plugins\astra-sites\inc\lib\zipwp-images\classes\zipwp-images-api.php on line 473
[26-Jun-2024 05:41:15 UTC] PHP Warning:  Undefined array key 1 in C:\Users\Zaavia\Local Sites\online-store\app\public\wp-content\plugins\astra-sites\inc\lib\zipwp-images\classes\zipwp-images-api.php on line 473
[26-Jun-2024 05:41:15 UTC] PHP Warning:  Undefined array key 1 in C:\Users\Zaavia\Local Sites\online-store\app\public\wp-content\plugins\astra-sites\inc\lib\zipwp-images\classes\zipwp-images-api.php on line 473
[26-Jun-2024 05:41:15 UTC] PHP Warning:  Undefined array key 1 in C:\Users\Zaavia\Local Sites\online-store\app\public\wp-content\plugins\astra-sites\inc\lib\zipwp-images\classes\zipwp-images-api.php on line 473
[26-Jun-2024 05:41:15 UTC] PHP Warning:  Undefined array key 1 in C:\Users\Zaavia\Local Sites\online-store\app\public\wp-content\plugins\astra-sites\inc\lib\zipwp-images\classes\zipwp-images-api.php on line 473
[26-Jun-2024 05:41:15 UTC] PHP Warning:  Undefined array key 1 in C:\Users\Zaavia\Local Sites\online-store\app\public\wp-content\plugins\astra-sites\inc\lib\zipwp-images\classes\zipwp-images-api.php on line 473
[26-Jun-2024 05:41:15 UTC] PHP Warning:  Undefined array key 1 in C:\Users\Zaavia\Local Sites\online-store\app\public\wp-content\plugins\astra-sites\inc\lib\zipwp-images\classes\zipwp-images-api.php on line 473
[26-Jun-2024 05:41:15 UTC] PHP Warning:  Undefined array key 1 in C:\Users\Zaavia\Local Sites\online-store\app\public\wp-content\plugins\astra-sites\inc\lib\zipwp-images\classes\zipwp-images-api.php on line 473
[26-Jun-2024 05:41:15 UTC] PHP Warning:  Undefined array key 1 in C:\Users\Zaavia\Local Sites\online-store\app\public\wp-content\plugins\astra-sites\inc\lib\zipwp-images\classes\zipwp-images-api.php on line 473
[26-Jun-2024 05:41:15 UTC] PHP Warning:  Undefined array key 1 in C:\Users\Zaavia\Local Sites\online-store\app\public\wp-content\plugins\astra-sites\inc\lib\zipwp-images\classes\zipwp-images-api.php on line 473
[26-Jun-2024 05:41:15 UTC] PHP Warning:  Undefined array key 1 in C:\Users\Zaavia\Local Sites\online-store\app\public\wp-content\plugins\astra-sites\inc\lib\zipwp-images\classes\zipwp-images-api.php on line 473
[26-Jun-2024 05:41:15 UTC] PHP Warning:  Undefined array key 1 in C:\Users\Zaavia\Local Sites\online-store\app\public\wp-content\plugins\astra-sites\inc\lib\zipwp-images\classes\zipwp-images-api.php on line 473
[26-Jun-2024 05:41:15 UTC] PHP Warning:  Undefined array key 1 in C:\Users\Zaavia\Local Sites\online-store\app\public\wp-content\plugins\astra-sites\inc\lib\zipwp-images\classes\zipwp-images-api.php on line 473
[26-Jun-2024 05:41:15 UTC] PHP Warning:  Undefined array key 1 in C:\Users\Zaavia\Local Sites\online-store\app\public\wp-content\plugins\astra-sites\inc\lib\zipwp-images\classes\zipwp-images-api.php on line 473
[26-Jun-2024 05:41:15 UTC] PHP Warning:  Undefined array key 1 in C:\Users\Zaavia\Local Sites\online-store\app\public\wp-content\plugins\astra-sites\inc\lib\zipwp-images\classes\zipwp-images-api.php on line 473
[26-Jun-2024 05:41:15 UTC] PHP Warning:  Undefined array key 1 in C:\Users\Zaavia\Local Sites\online-store\app\public\wp-content\plugins\astra-sites\inc\lib\zipwp-images\classes\zipwp-images-api.php on line 473
[26-Jun-2024 05:41:15 UTC] PHP Warning:  Undefined array key 1 in C:\Users\Zaavia\Local Sites\online-store\app\public\wp-content\plugins\astra-sites\inc\lib\zipwp-images\classes\zipwp-images-api.php on line 473
[26-Jun-2024 05:41:15 UTC] PHP Warning:  Undefined array key 1 in C:\Users\Zaavia\Local Sites\online-store\app\public\wp-content\plugins\astra-sites\inc\lib\zipwp-images\classes\zipwp-images-api.php on line 473
[26-Jun-2024 05:41:15 UTC] PHP Warning:  Undefined array key 1 in C:\Users\Zaavia\Local Sites\online-store\app\public\wp-content\plugins\astra-sites\inc\lib\zipwp-images\classes\zipwp-images-api.php on line 473
[26-Jun-2024 05:41:15 UTC] PHP Warning:  Undefined array key 1 in C:\Users\Zaavia\Local Sites\online-store\app\public\wp-content\plugins\astra-sites\inc\lib\zipwp-images\classes\zipwp-images-api.php on line 473
[26-Jun-2024 05:41:15 UTC] PHP Warning:  Undefined array key 1 in C:\Users\Zaavia\Local Sites\online-store\app\public\wp-content\plugins\astra-sites\inc\lib\zipwp-images\classes\zipwp-images-api.php on line 473
[26-Jun-2024 05:41:15 UTC] PHP Warning:  Undefined array key 1 in C:\Users\Zaavia\Local Sites\online-store\app\public\wp-content\plugins\astra-sites\inc\lib\zipwp-images\classes\zipwp-images-api.php on line 473
[26-Jun-2024 05:41:15 UTC] PHP Warning:  Undefined array key 1 in C:\Users\Zaavia\Local Sites\online-store\app\public\wp-content\plugins\astra-sites\inc\lib\zipwp-images\classes\zipwp-images-api.php on line 473
[26-Jun-2024 05:41:15 UTC] PHP Warning:  Undefined array key 1 in C:\Users\Zaavia\Local Sites\online-store\app\public\wp-content\plugins\astra-sites\inc\lib\zipwp-images\classes\zipwp-images-api.php on line 473
[26-Jun-2024 05:41:15 UTC] PHP Warning:  Undefined array key 1 in C:\Users\Zaavia\Local Sites\online-store\app\public\wp-content\plugins\astra-sites\inc\lib\zipwp-images\classes\zipwp-images-api.php on line 473
[26-Jun-2024 05:41:15 UTC] PHP Warning:  Undefined array key 1 in C:\Users\Zaavia\Local Sites\online-store\app\public\wp-content\plugins\astra-sites\inc\lib\zipwp-images\classes\zipwp-images-api.php on line 473
[26-Jun-2024 05:41:15 UTC] PHP Warning:  Undefined array key 1 in C:\Users\Zaavia\Local Sites\online-store\app\public\wp-content\plugins\astra-sites\inc\lib\zipwp-images\classes\zipwp-images-api.php on line 473
[26-Jun-2024 05:41:15 UTC] PHP Warning:  Undefined array key 1 in C:\Users\Zaavia\Local Sites\online-store\app\public\wp-content\plugins\astra-sites\inc\lib\zipwp-images\classes\zipwp-images-api.php on line 473
[26-Jun-2024 05:41:15 UTC] PHP Warning:  Undefined array key 1 in C:\Users\Zaavia\Local Sites\online-store\app\public\wp-content\plugins\astra-sites\inc\lib\zipwp-images\classes\zipwp-images-api.php on line 473
[26-Jun-2024 05:41:15 UTC] PHP Warning:  Undefined array key 1 in C:\Users\Zaavia\Local Sites\online-store\app\public\wp-content\plugins\astra-sites\inc\lib\zipwp-images\classes\zipwp-images-api.php on line 473
[26-Jun-2024 05:41:15 UTC] PHP Warning:  Undefined array key 1 in C:\Users\Zaavia\Local Sites\online-store\app\public\wp-content\plugins\astra-sites\inc\lib\zipwp-images\classes\zipwp-images-api.php on line 473
[26-Jun-2024 05:41:15 UTC] PHP Warning:  Undefined array key 1 in C:\Users\Zaavia\Local Sites\online-store\app\public\wp-content\plugins\astra-sites\inc\lib\zipwp-images\classes\zipwp-images-api.php on line 473
[26-Jun-2024 06:13:47 UTC] PHP Warning:  file_put_contents(C:\Users\Zaavia\Local Sites\online-store\app\public/wp-content/uploads\simply-static\temp-files/simply-static-1-1719382377\/feed/index.html): Failed to open stream: No such file or directory in C:\Users\Zaavia\Local Sites\online-store\app\public\wp-content\plugins\simply-static\src\tasks\class-ss-fetch-urls-task.php on line 379
[26-Jun-2024 06:17:07 UTC] PHP Warning:  file_put_contents(C:\Users\Zaavia\Local Sites\online-store\app\public/wp-content/uploads\simply-static\temp-files/simply-static-1-1719382590\/feed/index.html): Failed to open stream: No such file or directory in C:\Users\Zaavia\Local Sites\online-store\app\public\wp-content\plugins\simply-static\src\tasks\class-ss-fetch-urls-task.php on line 379
[26-Jun-2024 06:21:56 UTC] PHP Warning:  file_put_contents(C:\Users\Zaavia\Local Sites\online-store\app\public/wp-content/uploads\simply-static\temp-files/simply-static-1-1719382741\/product/kryo-x26-mtb-model-k/index.html): Failed to open stream: Permission denied in C:\Users\Zaavia\Local Sites\online-store\app\public\wp-content\plugins\simply-static\src\class-ss-url-extractor.php on line 155
[26-Jun-2024 06:26:13 UTC] PHP Warning:  file_put_contents(C:\Users\Zaavia\Local Sites\online-store\app\public/wp-content/uploads\simply-static\temp-files/simply-static-1-1719382741\/product/bicycle-gloves-pink/index.html): Failed to open stream: Permission denied in C:\Users\Zaavia\Local Sites\online-store\app\public\wp-content\plugins\simply-static\src\class-ss-url-extractor.php on line 155
[26-Jun-2024 06:26:50 UTC] PHP Warning:  file_put_contents(C:\Users\Zaavia\Local Sites\online-store\app\public/wp-content/uploads\simply-static\temp-files/simply-static-1-1719382741\/product/bicycle-gloves-yellow/index.html): Failed to open stream: Permission denied in C:\Users\Zaavia\Local Sites\online-store\app\public\wp-content\plugins\simply-static\src\class-ss-url-extractor.php on line 155
[26-Jun-2024 06:26:50 UTC] PHP Warning:  file_put_contents(C:\Users\Zaavia\Local Sites\online-store\app\public/wp-content/uploads\simply-static\temp-files/simply-static-1-1719382741\/product/bicycle-gloves-yellow/index.html): Failed to open stream: Permission denied in C:\Users\Zaavia\Local Sites\online-store\app\public\wp-content\plugins\simply-static\src\class-ss-url-extractor.php on line 155
[26-Jun-2024 06:35:34 UTC] PHP Warning:  file_put_contents(C:\Users\Zaavia\Local Sites\online-store\app\public/wp-content/uploads\simply-static\temp-files/simply-static-1-1719382741\/feed/index.html): Failed to open stream: No such file or directory in C:\Users\Zaavia\Local Sites\online-store\app\public\wp-content\plugins\simply-static\src\tasks\class-ss-fetch-urls-task.php on line 379
